This is pdfTeX, Version 3.14159265-2.6-1.40.15 (MiKTeX 2.9 64-bit) (preloaded format=pdftex 2015.1.28)  17 MAR 2015 15:06
entering extended mode
**D:/GoogleDrive/Kandi/tiede-ninja/ref.bib
(D:/GoogleDrive/Kandi/tiede-ninja/ref.bib
Overfull \hbox (3.55153pt too wide) in paragraph at lines 7--19
\tenrm words=program de-bug-ging;program test-ing;software per-for-mance eval-u
-a-tion;effective tester;fundamental test-|

\hbox(6.94444+1.94444)x469.75499, glue set - 1.0
.\tenrm w
.\kern-0.27779
.\tenrm o
.\tenrm r
.\tenrm d
.etc.


Overfull \hbox (39.52377pt too wide) in paragraph at lines 7--19
\tenrm ing tech-niques;operating en-vi-ron-ment;software prod-ucts;software sys
-tem;software test-ing;subtle bugs;Books;Computer|

\hbox(6.94444+1.94444)x469.75499, glue set - 1.0
.\tenrm i
.\tenrm n
.\tenrm g
.\glue 3.33333 plus 1.66666 minus 1.11111
.\tenrm t
.etc.


Overfull \hbox (21.20438pt too wide) in paragraph at lines 7--19
\tenrm bugs;Formal lan-guages;Graph the-ory;Phase mea-sure-ment;Process plan-ni
ng;Software test-ing;Solids;Storms;System|

\hbox(6.94444+1.94444)x469.75499, glue set - 1.0
.\tenrm b
.\tenrm u
.\tenrm g
.\tenrm s
.\tenrm ;
.etc.


Overfull \hbox (15.45445pt too wide) in paragraph at lines 28--38
\tenrm Mircea, Marinela and Ghilic-Micu, Bog-dan, jour-nal=Informatica Eco-nom-
ica, vol-ume=17, num-ber=4, pages=64--|

\hbox(6.94444+1.94444)x469.75499, glue set - 1.0
.\tenrm M
.\tenrm i
.\tenrm r
.\tenrm c
.\tenrm e
.etc.


Overfull \hbox (23.6337pt too wide) in paragraph at lines 39--51
\tenrm pages=70-71, key-words=program test-ing;software qual-ity;TDD tech-nique
s;software quality;test-driven design;test-|

\hbox(6.94444+1.94444)x469.75499, glue set - 1.0
.\tenrm p
.\tenrm a
.\tenrm g
.\tenrm e
.\tenrm s
.etc.


Overfull \hbox (83.46846pt too wide) in paragraph at lines 39--51
\tenrm driven de-vel-op-ment;Automatic test-ing;Companies;Computer bugs;Flowcha
rts;Performance eval-u-a-tion;Production;Programming|

\hbox(6.94444+1.94444)x469.75499, glue set - 1.0
.\tenrm d
.\tenrm r
.\tenrm i
.\tenrm v
.\kern-0.27779
.etc.


Overfull \hbox (81.44054pt too wide) in paragraph at lines 55--67
\tenrm rates;software de-fect re-duc-tion;test driven de-vel-op-ment;Inspection
;Java;Programming pro-fes-sion;Software;Testing;Writing;Agile|

\hbox(6.94444+1.94444)x469.75499, glue set - 1.0
.\tenrm r
.\tenrm a
.\tenrm t
.\tenrm e
.\tenrm s
.etc.


Overfull \hbox (37.385pt too wide) in paragraph at lines 68--78
\tenrm ment styles;experimental analysis.;software;test-driven de-vel-op-ment;t
esting;unit test-ing, doi=10.1109/ESEM.2007.41,|

\hbox(7.5+2.5)x469.75499, glue set - 1.0
.\tenrm m
.\tenrm e
.\tenrm n
.\kern-0.27779
.\tenrm t
.etc.


Overfull \hbox (15.13484pt too wide) in paragraph at lines 81--93
\tenrm ber=1, pages=12-21, key-words=software main-te-nance;software per-for-ma
nce eval-u-a-tion;software qual-ity;software|

\hbox(6.94444+1.94444)x469.75499, glue set - 1.0
.\tenrm b
.\kern0.27779
.\tenrm e
.\tenrm r
.\tenrm =
.etc.


Overfull \hbox (29.6903pt too wide) in paragraph at lines 81--93
\tenrm de-vel-oper;software eval-u-a-tion;software main-te-nance;software man-a
ger;software pro-cesses;software prod-ucts;software|

\hbox(6.94444+1.94444)x469.75499, glue set - 1.0
.\tenrm d
.\tenrm e
.\discretionary
..\tenrm -
.\tenrm v
.\kern-0.27779
.etc.


Overfull \hbox (24.16263pt too wide) in paragraph at lines 81--93
\tenrm qual-ity;Automobiles;Computer er-rors;Computer net-works;Consumer prod-u
cts;Error cor-rec-tion;Hardware;Software|

\hbox(6.94444+1.94444)x469.75499, glue set - 1.0
.\tenrm q
.\tenrm u
.\tenrm a
.\tenrm l
.\discretionary
..\tenrm -
.etc.

Missing character: There is no Ã in font cmr10!
Missing character: There is no ´ in font cmr10!
Missing character: There is no Ã in font cmr10!
Missing character: There is no © in font cmr10!

Overfull \hbox (55.6072pt too wide) in paragraph at lines 108--120
\tenrm ming;public do-main soft-ware;software fault tol-er-ance;software met-ri
cs;software qual-ity;Bugzilla bug database;Mozilla;fault|

\hbox(6.94444+1.94444)x469.75499, glue set - 1.0
.\tenrm m
.\tenrm i
.\tenrm n
.\tenrm g
.\tenrm ;
.etc.


Overfull \hbox (12.88489pt too wide) in paragraph at lines 108--120
\tenrm ment;Software sys-tems;Bugzilla;C++;Columbus.;Index Terms- Fact ex-trac-
tion;Mozilla;compiler wrapping;fault-|

\hbox(6.94444+1.94444)x469.75499, glue set - 1.0
.\tenrm m
.\tenrm e
.\tenrm n
.\kern-0.27779
.\tenrm t
.etc.

[1{C:/ProgramData/MiKTeX/2.9/pdftex/config/pdftex.map}]
Overfull \hbox (44.99622pt too wide) in paragraph at lines 151--163
\tenrm soft-ware;Engineering man-age-ment;Information man-age-ment;Information 
tech-nol-ogy;Ontologies;Programming;Software|

\hbox(6.94444+1.94444)x469.75499, glue set - 1.0
.\tenrm s
.\tenrm o
.\tenrm f
.\discretionary replacing 2
..\tenrm t
..\tenrm -
.\tenrm t
.etc.


Overfull \hbox (53.69058pt too wide) in paragraph at lines 151--163
\tenrm de-vel-op-ment man-age-ment;Software en-gi-neer-ing;Software mea-sure-me
nt;Technology man-age-ment, doi=10.1109/32.295895,|

\hbox(7.5+2.5)x469.75499, glue set - 1.0
.\tenrm d
.\tenrm e
.\discretionary
..\tenrm -
.\tenrm v
.\kern-0.27779
.etc.

! Misplaced alignment tab character &.
l.175 &
       TDD
? 
! Emergency stop.
l.175 &
       TDD
End of file on the terminal!

!  ==> Fatal error occurred, no output PDF file produced!
